<?xml version="1.0" encoding="UTF-8"?>
<testsuite name="vn.edolas.telemetry.transport.TelemetrySenderTest" tests="2" skipped="0" failures="0" errors="0" timestamp="2026-08-13T19:58:39" hostname="QUOCBAO" time="0.028">
  <properties/>
  <testcase name="serverFailureAppliesBoundedBackoffBeforeTheNextSnapshot()" classname="vn.edolas.telemetry.transport.TelemetrySenderTest" time="0.014"/>
  <testcase name="permitsOnlyOneInFlightSnapshot()" classname="vn.edolas.telemetry.transport.TelemetrySenderTest" time="0.013"/>
  <system-out><![CDATA[]]></system-out>
  <system-err><![CDATA[]]></system-err>
</testsuite>
